<?xml version="1.0" encoding="UTF-8"?>
<!-- Generated by org.testng.reporters.JUnitReportReporter -->
<testsuite skipped="0" hostname="AmrElagamys-MacBook-Pro.local" name="test.gui.Resistration" tests="1" failures="0" timestamp="12 Feb 2021 00:40:40 GMT" time="35.154" errors="0">
  <testcase name="newUserRegistration" time="35.154" classname="test.gui.Resistration"/>
</testsuite> <!-- test.gui.Resistration -->
