<?xml version="1.0" encoding="UTF-8"?>
<!-- Generated by org.testng.reporters.JUnitReportReporter -->
<testsuite skipped="0" hostname="AmrElagamys-MacBook-Pro.local" name="test.gui.Checkout" tests="1" failures="0" timestamp="12 Feb 2021 00:40:30 GMT" time="83.452" errors="0">
  <testcase name="CheckoutItem" time="83.452" classname="test.gui.Checkout"/>
</testsuite> <!-- test.gui.Checkout -->
