<?xml version="1.0" encoding="UTF-8"?>
<!-- Generated by org.testng.reporters.JUnitReportReporter -->
<testsuite skipped="0" hostname="AmrElagamys-MacBook-Pro.local" name="test.gui.SighIn" tests="1" failures="0" timestamp="12 Feb 2021 00:40:35 GMT" time="22.793" errors="0">
  <testcase name="signIn" time="22.793" classname="test.gui.SighIn"/>
</testsuite> <!-- test.gui.SighIn -->
