<?xml version="1.0" encoding="UTF-8"?>
<!-- Generated by org.testng.reporters.JUnitReportReporter -->
<testsuite skipped="0" hostname="AmrElagamys-MacBook-Pro.local" name="test.api.NewTest" tests="1" failures="0" timestamp="11 Feb 2021 19:20:56 GMT" time="1.819" errors="0">
  <testcase name="postRequest" time="1.819" classname="test.api.NewTest"/>
</testsuite> <!-- test.api.NewTest -->
