<?xml version="1.0" encoding="UTF-8"?>
<!-- Generated by org.testng.reporters.JUnitReportReporter -->
<testsuite skipped="0" hostname="AmrElagamys-MacBook-Pro.local" name="test.gui.NewTest" tests="1" failures="0" timestamp="11 Feb 2021 01:06:44 GMT" time="11.871" errors="0">
  <testcase name="newUserRegistration" time="11.871" classname="test.gui.NewTest"/>
</testsuite> <!-- test.gui.NewTest -->
